     1                                  bits 32 
     2                                  global start        
     3                                  
     4                                  ;Two natural numbers a and b (a, b: dword, defined in the data segment) are given. ;Calculate their product and display the result in the following format: "<a> * <b> = ;<result>". Example: "2 * 4 = 8"
     5                                  ;The values will be displayed in decimal format (base 10) with sign.
     6                                  
     7                                  extern exit, printf, scanf               
     8                                  import exit msvcrt.dll
     9                                  import printf msvcrt.dll
    10                                  import scanf msvcrt.dll    
    11                                                            
    12                                  
    13                                  
    14                                  segment data use32 class=data
    15 00000000 02000000                    a dd 2
    16 00000004 04000000                    b dd 4
    17 00000008 25642A25643D256400          mesaj db "%d*%d=%d",0
    18 00000011 256400                      format db "%d",0
    19 00000014 <res 00000008>              res resq 1
    20                                      
    21                                  
    22                                  
    23                                  segment code use32 class=code
    24                                      start:
    25 00000000 A1[00000000]                    mov eax,[a]
    26 00000005 8B1D[04000000]                  mov ebx,[b]
    27                                          
    28 0000000B F7EB                            imul ebx ;edx:eax=a*b
    29 0000000D 8915[14000000]                  mov [res+0],edx
    30 00000013 A3[18000000]                    mov [res+4],eax
    31                                          
    32                                          
    33 00000018 B900000000                      mov ecx,0
    34 0000001D BA00000000                      mov edx,0
    35                                          
    36 00000022 8B0D[00000000]                  mov ecx,[a]
    37 00000028 8B15[04000000]                  mov edx,[b]
    38                                          
    39 0000002E 833D[14000000]00                cmp [res+0],dword 0
    40 00000035 7406                            je sari
    41 00000037 FF35[14000000]                  push dword [res+0]
    42                                          sari:
    43                                          
    44 0000003D FF35[18000000]                  push dword [res+4]
    45 00000043 52                              push dword edx
    46 00000044 51                              push dword ecx
    47 00000045 68[08000000]                    push dword mesaj
    48                                          
    49 0000004A FF15[00000000]                  call [printf]
    50 00000050 83C414                          add esp, 4*5
    51                                          
    52 00000053 6A00                            push    dword 0      
    53 00000055 FF15[00000000]                  call    [exit]       
