     1                                  bits 32 
     2                                  ;Read a string of unsigned numbers in base 10 from keyboard. Determine the maximum value of the string and write it in the file max.txt (it will be created) in 16  base.
     3                                  
     4                                  global start        
     5                                  
     6                                  
     7                                  extern exit,printf,scanf,fopen,fprintf,fclose,subprogram_maxi
     8                                  import exit msvcrt.dll    
     9                                  import printf msvcrt.dll
    10                                  import scanf msvcrt.dll
    11                                  import fopen msvcrt.dll
    12                                  import fprintf msvcrt.dll
    13                                  import fclose msvcrt.dll
    14                                                            
    15                                  
    16                                  
    17                                  segment data use32 class=data
    18                                  
    19                                      ;Things used to for the problem
    20 00000000 486F77206D616E7920-         mesaj_citire db "How many numbers to you want to read?",0
    20 00000009 6E756D626572732074-
    20 00000012 6F20796F752077616E-
    20 0000001B 7420746F2072656164-
    20 00000024 3F00               
    21 00000026 256400                      citire_numar db "%d",0
    22 00000029 746865206D61782076-         mesaj_rezultat db "the max value is %d"
    22 00000032 616C75652069732025-
    22 0000003B 64                 
    23 0000003C 00000000                    n dd 0
    24 00000040 00000000                    nrcurent dd 0
    25 00000044 00000000                    maximum dd 0
    26                                      
    27                                      ;Thing related to file operations
    28 00000048 6D61782E74787400            nume_fisier db "max.txt",0
    29 00000050 7700                        mod_acces db "w",0
    30 00000052 546865206D6178696D-         mesaj_afisare db "The maximum number is %x",0
    30 0000005B 756D206E756D626572-
    30 00000064 20697320257800     
    31 0000006B FFFFFFFF                    descrpitor_fis dd -1
    32                                      
    33                                      
    34                                  segment code use32 class=code
    35                                      start:
    36 00000000 68[00000000]                    push dword mesaj_citire
    37 00000005 FF15[00000000]                  call [printf]
    38 0000000B 83C404                          add esp,4
    39                                          
    40 0000000E 68[3C000000]                    push dword n
    41 00000013 68[26000000]                    push dword citire_numar
    42 00000018 FF15[00000000]                  call [scanf]
    43 0000001E 83C408                          add esp,4*2
    44                                          ;Now in n we have stored the number of numbers that we will read from the file
    45                                          
    46 00000021 8B0D[3C000000]                  mov ecx,[n]
    47                                          repeta:
    48 00000027 51                              push ecx
    49                                          
    50                                         
    51 00000028 68[40000000]                        push dword nrcurent
    52 0000002D 68[26000000]                        push dword citire_numar
    53 00000032 FF15[00000000]                      call [scanf]
    54 00000038 83C408                              add esp,4*2
    55                                              ;Now nrcurent stores the current number
    56                                              
    57 0000003B A1[40000000]                        mov eax,[nrcurent]
    58 00000040 8B1D[44000000]                      mov ebx,[maximum]
    59 00000046 50                                  push eax
    60 00000047 53                                  push ebx 
    61 00000048 E8(00000000)                        call subprogram_maxi
    62                                              
    63 0000004D 83F800                              cmp eax,0
    64 00000050 7405                                je sari
    65                                              ;We have a new max
    66 00000052 A3[44000000]                        mov dword [maximum],eax
    67                                              sari:
    68                                              
    69                                          nuemax:
    70 00000057 59                              pop ecx
    71 00000058 E2CD                            loop repeta
    72                                          
    73                                              ;File Operations:
    74                                              ;The opening of the file:
    75 0000005A 68[50000000]                        push dword mod_acces
    76 0000005F 68[48000000]                        push dword nume_fisier
    77 00000064 FF15[00000000]                      call [fopen]
    78 0000006A 83C408                              add esp,4*2
    79                                              
    80 0000006D A3[6B000000]                        mov [descrpitor_fis],eax
    81 00000072 83F800                              cmp eax,0 
    82 00000075 7429                                je final
    83                                              
    84                                              ;We write the result:
    85 00000077 FF35[44000000]                      push dword [maximum]
    86 0000007D 68[52000000]                        push dword mesaj_afisare
    87 00000082 FF35[6B000000]                      push dword [descrpitor_fis]
    88 00000088 FF15[00000000]                      call [fprintf]
    89 0000008E 83C40C                              add esp,4*3
    90                                              
    91                                              ;We close the file:
    92 00000091 FF35[6B000000]                      push dword [descrpitor_fis]
    93 00000097 FF15[00000000]                      call [fclose]
    94 0000009D 83C404                              add esp,4
    95                                              
    96                                              final:
    97 000000A0 6A00                            push    dword 0      
    98 000000A2 FF15[00000000]                  call    [exit]       
