     1                                  bits 32 ; assembling for the 32 bits architecture
     2                                  
     3                                  ; declare the EntryPoint (a label defining the very first instruction of the program)
     4                                  global start        
     5                                  
     6                                  ; declare external functions needed by our program
     7                                  extern exit               ; tell nasm that exit exists even if we won't be defining it
     8                                  import exit msvcrt.dll    ; exit is a function that ends the calling process. It is defined in msvcrt.dll
     9                                                            ; msvcrt.dll contains exit, printf and all the other important C-runtime specific functions
    10                                  
    11                                  ; our data is declared here (the variables needed by our program)
    12                                  segment data use32 class=data
    13                                      ; ...
    14 00000000 6400                        a dw 100
    15 00000002 2100                        b dw 33
    16 00000004 3200                        c dw 50
    17 00000006 6F00                        d dw 111
    18                                  ; our code starts here
    19                                  segment code use32 class=code
    20                                      start:
    21                                          ; (b+b)-c-(a+d)
    22 00000000 66A1[02000000]                  mov AX, [b];AX=b
    23 00000006 660305[02000000]                add AX, [b];AX=b+b
    24 0000000D 668B1D[00000000]                mov BX, [a];BX=a
    25 00000014 66031D[06000000]                add BX, [d];BX=a+d
    26 0000001B 662B05[04000000]                sub AX, [c];AX=(b+b)-c
    27 00000022 6629D8                          sub AX, BX; AX=(b+b)-c-(a+d)
    28                                      
    29                                          ; exit(0)
    30 00000025 6A00                            push    dword 0      ; push the parameter for exit onto the stack
    31 00000027 FF15[00000000]                  call    [exit]       ; call exit to terminate the program
